<?xml version="1.0" encoding="UTF-8"?>
<!-- Generated by org.testng.reporters.JUnitXMLReporter -->
<testsuite ignored="0" hostname="LAPTOP-NGBN2FI1" failures="0" tests="3" name="Test" time="0.095" errors="0" timestamp="2021-09-07T12:52:21 IST">
  <testcase classname="test.NewTest" name="@BeforeClass beforeClass" time="0.024">
    <failure type="java.lang.NoSuchFieldError" message="configContext">
      <![CDATA[java.lang.NoSuchFieldError: configContext
at com.aventstack.extentreports.reporter.ExtentHtmlReporter.loadDefaultConfig(ExtentHtmlReporter.java:71)
at com.aventstack.extentreports.reporter.ExtentHtmlReporter.<init>(ExtentHtmlReporter.java:57)
at com.aventstack.extentreports.reporter.ExtentHtmlReporter.<init>(ExtentHtmlReporter.java:61)
at test.NewTest.beforeClass(NewTest.java:43)
at java.base/java.util.ArrayList.forEach(ArrayList.java:1511)
... Removed 25 stack frames]]>
    </failure>
  </testcase> <!-- @BeforeClass beforeClass -->
  <testcase classname="test.NewTest" name="@AfterMethod afterMethod" time="-1.630999341622E9">
    <skipped/>
  </testcase> <!-- @AfterMethod afterMethod -->
  <testcase classname="test.NewTest" name="@AfterMethod afterMethod" time="-1.630999341631E9">
    <skipped/>
  </testcase> <!-- @AfterMethod afterMethod -->
  <testcase classname="test.NewTest" name="@AfterMethod afterMethod" time="-1.630999341637E9">
    <skipped/>
  </testcase> <!-- @AfterMethod afterMethod -->
  <testcase classname="test.NewTest" name="@AfterClass afterClass" time="-1.630999341639E9">
    <skipped/>
  </testcase> <!-- @AfterClass afterClass -->
  <testcase classname="test.NewTest" name="testFailed" time="0.0">
    <skipped/>
  </testcase> <!-- testFailed -->
  <testcase classname="test.NewTest" name="testSkipped" time="0.0">
    <skipped/>
  </testcase> <!-- testSkipped -->
  <testcase classname="test.NewTest" name="testSuccessfull" time="0.0">
    <skipped/>
  </testcase> <!-- testSuccessfull -->
</testsuite> <!-- Test -->
