<?xml version="1.0" encoding="UTF-8"?>
<testng-results ignored="0" total="3" passed="0" failed="0" skipped="3">
  <reporter-output>
  </reporter-output>
  <suite started-at="2021-09-07T12:53:42 IST" name="Default suite" finished-at="2021-09-07T12:53:42 IST" duration-ms="86">
    <groups>
    </groups>
    <test started-at="2021-09-07T12:53:42 IST" name="Default test" finished-at="2021-09-07T12:53:42 IST" duration-ms="86">
      <class name="test.NewTest">
        <test-method is-config="true" signature="beforeClass()[pri:0, instance:test.NewTest@1b2abca6]" started-at="2021-09-07T12:53:42 IST" name="beforeClass" finished-at="2021-09-07T12:53:42 IST" duration-ms="22" status="FAIL">
          <exception class="java.lang.NoSuchFieldError">
            <message>
              <![CDATA[configContext]]>
            </message>
            <full-stacktrace>
              <![CDATA[java.lang.NoSuchFieldError: configContext
at com.aventstack.extentreports.reporter.ExtentHtmlReporter.loadDefaultConfig(ExtentHtmlReporter.java:71)
at com.aventstack.extentreports.reporter.ExtentHtmlReporter.<init>(ExtentHtmlReporter.java:57)
at com.aventstack.extentreports.reporter.ExtentHtmlReporter.<init>(ExtentHtmlReporter.java:61)
at test.NewTest.beforeClass(NewTest.java:43)
at java.base/jdk.internal.reflect.NativeMethodAccessorImpl.invoke0(Native Method)
at java.base/jdk.internal.reflect.NativeMethodAccessorImpl.invoke(NativeMethodAccessorImpl.java:78)
at java.base/jdk.internal.reflect.DelegatingMethodAccessorImpl.invoke(DelegatingMethodAccessorImpl.java:43)
at java.base/java.lang.reflect.Method.invoke(Method.java:567)
at org.testng.internal.MethodInvocationHelper.invokeMethod(MethodInvocationHelper.java:133)
at org.testng.internal.MethodInvocationHelper.invokeMethodConsideringTimeout(MethodInvocationHelper.java:62)
at org.testng.internal.ConfigInvoker.invokeConfigurationMethod(ConfigInvoker.java:385)
at org.testng.internal.ConfigInvoker.invokeConfigurations(ConfigInvoker.java:321)
at org.testng.internal.TestMethodWorker.invokeBeforeClassMethods(TestMethodWorker.java:176)
at org.testng.internal.TestMethodWorker.run(TestMethodWorker.java:122)
at java.base/java.util.ArrayList.forEach(ArrayList.java:1511)
at org.testng.TestRunner.privateRun(TestRunner.java:794)
at org.testng.TestRunner.run(TestRunner.java:596)
at org.testng.SuiteRunner.runTest(SuiteRunner.java:377)
at org.testng.SuiteRunner.runSequentially(SuiteRunner.java:371)
at org.testng.SuiteRunner.privateRun(SuiteRunner.java:332)
at org.testng.SuiteRunner.run(SuiteRunner.java:276)
at org.testng.SuiteRunnerWorker.runSuite(SuiteRunnerWorker.java:53)
at org.testng.SuiteRunnerWorker.run(SuiteRunnerWorker.java:96)
at org.testng.TestNG.runSuitesSequentially(TestNG.java:1212)
at org.testng.TestNG.runSuitesLocally(TestNG.java:1134)
at org.testng.TestNG.runSuites(TestNG.java:1063)
at org.testng.TestNG.run(TestNG.java:1031)
at org.testng.remote.AbstractRemoteTestNG.run(AbstractRemoteTestNG.java:115)
at org.testng.remote.RemoteTestNG.initAndRun(RemoteTestNG.java:251)
at org.testng.remote.RemoteTestNG.main(RemoteTestNG.java:77)
]]>
            </full-stacktrace>
          </exception> <!-- java.lang.NoSuchFieldError -->
          <reporter-output>
          </reporter-output>
        </test-method> <!-- beforeClass -->
        <test-method signature="testFailed()[pri:0, instance:test.NewTest@1b2abca6]" started-at="2021-09-07T12:53:42 IST" name="testFailed" finished-at="2021-09-07T12:53:42 IST" duration-ms="0" status="SKIP">
          <exception class="java.lang.NoSuchFieldError">
            <message>
              <![CDATA[configContext]]>
            </message>
            <full-stacktrace>
              <![CDATA[java.lang.NoSuchFieldError: configContext
at com.aventstack.extentreports.reporter.ExtentHtmlReporter.loadDefaultConfig(ExtentHtmlReporter.java:71)
at com.aventstack.extentreports.reporter.ExtentHtmlReporter.<init>(ExtentHtmlReporter.java:57)
at com.aventstack.extentreports.reporter.ExtentHtmlReporter.<init>(ExtentHtmlReporter.java:61)
at test.NewTest.beforeClass(NewTest.java:43)
at java.base/jdk.internal.reflect.NativeMethodAccessorImpl.invoke0(Native Method)
at java.base/jdk.internal.reflect.NativeMethodAccessorImpl.invoke(NativeMethodAccessorImpl.java:78)
at java.base/jdk.internal.reflect.DelegatingMethodAccessorImpl.invoke(DelegatingMethodAccessorImpl.java:43)
at java.base/java.lang.reflect.Method.invoke(Method.java:567)
at org.testng.internal.MethodInvocationHelper.invokeMethod(MethodInvocationHelper.java:133)
at org.testng.internal.MethodInvocationHelper.invokeMethodConsideringTimeout(MethodInvocationHelper.java:62)
at org.testng.internal.ConfigInvoker.invokeConfigurationMethod(ConfigInvoker.java:385)
at org.testng.internal.ConfigInvoker.invokeConfigurations(ConfigInvoker.java:321)
at org.testng.internal.TestMethodWorker.invokeBeforeClassMethods(TestMethodWorker.java:176)
at org.testng.internal.TestMethodWorker.run(TestMethodWorker.java:122)
at java.base/java.util.ArrayList.forEach(ArrayList.java:1511)
at org.testng.TestRunner.privateRun(TestRunner.java:794)
at org.testng.TestRunner.run(TestRunner.java:596)
at org.testng.SuiteRunner.runTest(SuiteRunner.java:377)
at org.testng.SuiteRunner.runSequentially(SuiteRunner.java:371)
at org.testng.SuiteRunner.privateRun(SuiteRunner.java:332)
at org.testng.SuiteRunner.run(SuiteRunner.java:276)
at org.testng.SuiteRunnerWorker.runSuite(SuiteRunnerWorker.java:53)
at org.testng.SuiteRunnerWorker.run(SuiteRunnerWorker.java:96)
at org.testng.TestNG.runSuitesSequentially(TestNG.java:1212)
at org.testng.TestNG.runSuitesLocally(TestNG.java:1134)
at org.testng.TestNG.runSuites(TestNG.java:1063)
at org.testng.TestNG.run(TestNG.java:1031)
at org.testng.remote.AbstractRemoteTestNG.run(AbstractRemoteTestNG.java:115)
at org.testng.remote.RemoteTestNG.initAndRun(RemoteTestNG.java:251)
at org.testng.remote.RemoteTestNG.main(RemoteTestNG.java:77)
]]>
            </full-stacktrace>
          </exception> <!-- java.lang.NoSuchFieldError -->
          <reporter-output>
          </reporter-output>
        </test-method> <!-- testFailed -->
        <test-method is-config="true" signature="afterMethod()[pri:0, instance:test.NewTest@1b2abca6]" started-at="2021-09-07T12:53:42 IST" name="afterMethod" finished-at="1970-01-01T05:30:00 IST" duration-ms="-1630999422566" status="SKIP">
          <reporter-output>
          </reporter-output>
        </test-method> <!-- afterMethod -->
        <test-method signature="testSkipped()[pri:0, instance:test.NewTest@1b2abca6]" started-at="2021-09-07T12:53:42 IST" name="testSkipped" finished-at="2021-09-07T12:53:42 IST" duration-ms="0" status="SKIP">
          <exception class="java.lang.NoSuchFieldError">
            <message>
              <![CDATA[configContext]]>
            </message>
            <full-stacktrace>
              <![CDATA[java.lang.NoSuchFieldError: configContext
at com.aventstack.extentreports.reporter.ExtentHtmlReporter.loadDefaultConfig(ExtentHtmlReporter.java:71)
at com.aventstack.extentreports.reporter.ExtentHtmlReporter.<init>(ExtentHtmlReporter.java:57)
at com.aventstack.extentreports.reporter.ExtentHtmlReporter.<init>(ExtentHtmlReporter.java:61)
at test.NewTest.beforeClass(NewTest.java:43)
at java.base/jdk.internal.reflect.NativeMethodAccessorImpl.invoke0(Native Method)
at java.base/jdk.internal.reflect.NativeMethodAccessorImpl.invoke(NativeMethodAccessorImpl.java:78)
at java.base/jdk.internal.reflect.DelegatingMethodAccessorImpl.invoke(DelegatingMethodAccessorImpl.java:43)
at java.base/java.lang.reflect.Method.invoke(Method.java:567)
at org.testng.internal.MethodInvocationHelper.invokeMethod(MethodInvocationHelper.java:133)
at org.testng.internal.MethodInvocationHelper.invokeMethodConsideringTimeout(MethodInvocationHelper.java:62)
at org.testng.internal.ConfigInvoker.invokeConfigurationMethod(ConfigInvoker.java:385)
at org.testng.internal.ConfigInvoker.invokeConfigurations(ConfigInvoker.java:321)
at org.testng.internal.TestMethodWorker.invokeBeforeClassMethods(TestMethodWorker.java:176)
at org.testng.internal.TestMethodWorker.run(TestMethodWorker.java:122)
at java.base/java.util.ArrayList.forEach(ArrayList.java:1511)
at org.testng.TestRunner.privateRun(TestRunner.java:794)
at org.testng.TestRunner.run(TestRunner.java:596)
at org.testng.SuiteRunner.runTest(SuiteRunner.java:377)
at org.testng.SuiteRunner.runSequentially(SuiteRunner.java:371)
at org.testng.SuiteRunner.privateRun(SuiteRunner.java:332)
at org.testng.SuiteRunner.run(SuiteRunner.java:276)
at org.testng.SuiteRunnerWorker.runSuite(SuiteRunnerWorker.java:53)
at org.testng.SuiteRunnerWorker.run(SuiteRunnerWorker.java:96)
at org.testng.TestNG.runSuitesSequentially(TestNG.java:1212)
at org.testng.TestNG.runSuitesLocally(TestNG.java:1134)
at org.testng.TestNG.runSuites(TestNG.java:1063)
at org.testng.TestNG.run(TestNG.java:1031)
at org.testng.remote.AbstractRemoteTestNG.run(AbstractRemoteTestNG.java:115)
at org.testng.remote.RemoteTestNG.initAndRun(RemoteTestNG.java:251)
at org.testng.remote.RemoteTestNG.main(RemoteTestNG.java:77)
]]>
            </full-stacktrace>
          </exception> <!-- java.lang.NoSuchFieldError -->
          <reporter-output>
          </reporter-output>
        </test-method> <!-- testSkipped -->
        <test-method is-config="true" signature="afterMethod()[pri:0, instance:test.NewTest@1b2abca6]" started-at="2021-09-07T12:53:42 IST" name="afterMethod" finished-at="1970-01-01T05:30:00 IST" duration-ms="-1630999422572" status="SKIP">
          <reporter-output>
          </reporter-output>
        </test-method> <!-- afterMethod -->
        <test-method signature="testSuccessfull()[pri:0, instance:test.NewTest@1b2abca6]" started-at="2021-09-07T12:53:42 IST" name="testSuccessfull" finished-at="2021-09-07T12:53:42 IST" duration-ms="0" status="SKIP">
          <exception class="java.lang.NoSuchFieldError">
            <message>
              <![CDATA[configContext]]>
            </message>
            <full-stacktrace>
              <![CDATA[java.lang.NoSuchFieldError: configContext
at com.aventstack.extentreports.reporter.ExtentHtmlReporter.loadDefaultConfig(ExtentHtmlReporter.java:71)
at com.aventstack.extentreports.reporter.ExtentHtmlReporter.<init>(ExtentHtmlReporter.java:57)
at com.aventstack.extentreports.reporter.ExtentHtmlReporter.<init>(ExtentHtmlReporter.java:61)
at test.NewTest.beforeClass(NewTest.java:43)
at java.base/jdk.internal.reflect.NativeMethodAccessorImpl.invoke0(Native Method)
at java.base/jdk.internal.reflect.NativeMethodAccessorImpl.invoke(NativeMethodAccessorImpl.java:78)
at java.base/jdk.internal.reflect.DelegatingMethodAccessorImpl.invoke(DelegatingMethodAccessorImpl.java:43)
at java.base/java.lang.reflect.Method.invoke(Method.java:567)
at org.testng.internal.MethodInvocationHelper.invokeMethod(MethodInvocationHelper.java:133)
at org.testng.internal.MethodInvocationHelper.invokeMethodConsideringTimeout(MethodInvocationHelper.java:62)
at org.testng.internal.ConfigInvoker.invokeConfigurationMethod(ConfigInvoker.java:385)
at org.testng.internal.ConfigInvoker.invokeConfigurations(ConfigInvoker.java:321)
at org.testng.internal.TestMethodWorker.invokeBeforeClassMethods(TestMethodWorker.java:176)
at org.testng.internal.TestMethodWorker.run(TestMethodWorker.java:122)
at java.base/java.util.ArrayList.forEach(ArrayList.java:1511)
at org.testng.TestRunner.privateRun(TestRunner.java:794)
at org.testng.TestRunner.run(TestRunner.java:596)
at org.testng.SuiteRunner.runTest(SuiteRunner.java:377)
at org.testng.SuiteRunner.runSequentially(SuiteRunner.java:371)
at org.testng.SuiteRunner.privateRun(SuiteRunner.java:332)
at org.testng.SuiteRunner.run(SuiteRunner.java:276)
at org.testng.SuiteRunnerWorker.runSuite(SuiteRunnerWorker.java:53)
at org.testng.SuiteRunnerWorker.run(SuiteRunnerWorker.java:96)
at org.testng.TestNG.runSuitesSequentially(TestNG.java:1212)
at org.testng.TestNG.runSuitesLocally(TestNG.java:1134)
at org.testng.TestNG.runSuites(TestNG.java:1063)
at org.testng.TestNG.run(TestNG.java:1031)
at org.testng.remote.AbstractRemoteTestNG.run(AbstractRemoteTestNG.java:115)
at org.testng.remote.RemoteTestNG.initAndRun(RemoteTestNG.java:251)
at org.testng.remote.RemoteTestNG.main(RemoteTestNG.java:77)
]]>
            </full-stacktrace>
          </exception> <!-- java.lang.NoSuchFieldError -->
          <reporter-output>
          </reporter-output>
        </test-method> <!-- testSuccessfull -->
        <test-method is-config="true" signature="afterMethod()[pri:0, instance:test.NewTest@1b2abca6]" started-at="2021-09-07T12:53:42 IST" name="afterMethod" finished-at="1970-01-01T05:30:00 IST" duration-ms="-1630999422576" status="SKIP">
          <reporter-output>
          </reporter-output>
        </test-method> <!-- afterMethod -->
        <test-method is-config="true" signature="afterClass()[pri:0, instance:test.NewTest@1b2abca6]" started-at="2021-09-07T12:53:42 IST" name="afterClass" finished-at="1970-01-01T05:30:00 IST" duration-ms="-1630999422578" status="SKIP">
          <reporter-output>
          </reporter-output>
        </test-method> <!-- afterClass -->
      </class> <!-- test.NewTest -->
    </test> <!-- Default test -->
  </suite> <!-- Default suite -->
</testng-results>
